This is pdfTeX, Version 3.14159265-2.6-1.40.16 (MiKTeX 2.9) (preloaded format=pdflatex 2015.12.30)  1 JAN 2016 12:42
entering extended mode
**C:/Users/Michael/Dropbox/classes/ECON416/final/code/paperObjects/gToNmap.tex
(C:/Users/Michael/Dropbox/classes/ECON416/final/code/paperObjects/gToNmap.tex
LaTeX2e <2015/01/01> patch level 2
Babel <3.9m> and hyphenation patterns for 69 languages loaded.
! Undefined control sequence.
l.7 \definecolor
                {mycolor1}{rgb}{0.00000,0.44700,0.74100}%
? 
! Emergency stop.
l.7 \definecolor
                {mycolor1}{rgb}{0.00000,0.44700,0.74100}%
End of file on the terminal!

 
Here is how much of TeX's memory you used:
 7 strings out of 493673
 282 string characters out of 3141523
 52455 words of memory out of 3000000
 3454 multiletter control sequences out of 15000+200000
 3640 words of font info for 14 fonts, out of 3000000 for 9000
 1025 hyphenation exceptions out of 8191
 5i,0n,1p,164b,8s stack positions out of 5000i,500n,10000p,200000b,50000s
!  ==> Fatal error occurred, no output PDF file produced!
